  main1.cpp
c:\users\김준혁\project\solarsystem12\freeglutproject3d\mesh.h : warning C4819: 현재 코드 페이지(949)에서 표시할 수 없는 문자가 파일에 들어 있습니다. 데이터가 손실되지 않게 하려면 해당 파일을 유니코드 형식으로 저장하십시오.
c:\users\김준혁\project\solarsystem12\freeglutproject3d\sun.h : warning C4819: 현재 코드 페이지(949)에서 표시할 수 없는 문자가 파일에 들어 있습니다. 데이터가 손실되지 않게 하려면 해당 파일을 유니코드 형식으로 저장하십시오.
c:\users\김준혁\project\solarsystem12\freeglutproject3d\axis.h : warning C4819: 현재 코드 페이지(949)에서 표시할 수 없는 문자가 파일에 들어 있습니다. 데이터가 손실되지 않게 하려면 해당 파일을 유니코드 형식으로 저장하십시오.
c:\users\김준혁\project\solarsystem12\freeglutproject3d\earth.h : warning C4819: 현재 코드 페이지(949)에서 표시할 수 없는 문자가 파일에 들어 있습니다. 데이터가 손실되지 않게 하려면 해당 파일을 유니코드 형식으로 저장하십시오.
c:\users\김준혁\project\solarsystem12\freeglutproject3d\disk.h : warning C4819: 현재 코드 페이지(949)에서 표시할 수 없는 문자가 파일에 들어 있습니다. 데이터가 손실되지 않게 하려면 해당 파일을 유니코드 형식으로 저장하십시오.
c:\users\김준혁\project\solarsystem12\freeglutproject3d\main1.cpp(223): warning C4305: '인수': 'double'에서 'GLfloat'(으)로 잘립니다.
c:\users\김준혁\project\solarsystem12\freeglutproject3d\main1.cpp(237): warning C4305: '인수': 'double'에서 'GLfloat'(으)로 잘립니다.
c:\users\김준혁\project\solarsystem12\freeglutproject3d\main1.cpp(257): warning C4305: '인수': 'double'에서 'GLfloat'(으)로 잘립니다.
c:\users\김준혁\project\solarsystem12\freeglutproject3d\main1.cpp(270): warning C4305: '인수': 'double'에서 'GLfloat'(으)로 잘립니다.
c:\users\김준혁\project\solarsystem12\freeglutproject3d\main1.cpp(282): warning C4305: '인수': 'double'에서 'GLfloat'(으)로 잘립니다.
c:\users\김준혁\project\solarsystem12\freeglutproject3d\main1.cpp(294): warning C4305: '인수': 'double'에서 'GLfloat'(으)로 잘립니다.
c:\users\김준혁\project\solarsystem12\freeglutproject3d\main1.cpp(306): warning C4305: '인수': 'double'에서 'GLfloat'(으)로 잘립니다.
c:\users\김준혁\project\solarsystem12\freeglutproject3d\main1.cpp(458): warning C4305: '인수': 'double'에서 'GLfloat'(으)로 잘립니다.
c:\users\김준혁\project\solarsystem12\freeglutproject3d\main1.cpp(504): warning C4244: '인수': 'double'에서 'GLint'(으)로 변환하면서 데이터가 손실될 수 있습니다.
c:\users\김준혁\project\solarsystem12\freeglutproject3d\main1.cpp(507): warning C4244: '인수': 'double'에서 'GLint'(으)로 변환하면서 데이터가 손실될 수 있습니다.
c:\users\김준혁\project\solarsystem12\freeglutproject3d\main1.cpp(511): warning C4244: '인수': 'double'에서 'GLint'(으)로 변환하면서 데이터가 손실될 수 있습니다.
c:\users\김준혁\project\solarsystem12\freeglutproject3d\main1.cpp(514): warning C4244: '인수': 'double'에서 'GLint'(으)로 변환하면서 데이터가 손실될 수 있습니다.
c:\users\김준혁\project\solarsystem12\freeglutproject3d\main1.cpp(517): warning C4244: '인수': 'double'에서 'GLint'(으)로 변환하면서 데이터가 손실될 수 있습니다.
c:\users\김준혁\project\solarsystem12\freeglutproject3d\main1.cpp(520): warning C4244: '인수': 'double'에서 'GLint'(으)로 변환하면서 데이터가 손실될 수 있습니다.
c:\users\김준혁\project\solarsystem12\freeglutproject3d\main1.cpp(523): warning C4244: '인수': 'double'에서 'GLint'(으)로 변환하면서 데이터가 손실될 수 있습니다.
c:\users\김준혁\project\solarsystem12\freeglutproject3d\main1.cpp(576): warning C4244: '=': 'int'에서 'float'(으)로 변환하면서 데이터가 손실될 수 있습니다.
c:\users\김준혁\project\solarsystem12\freeglutproject3d\main1.cpp(577): warning C4244: '=': 'int'에서 'float'(으)로 변환하면서 데이터가 손실될 수 있습니다.
c:\users\김준혁\project\solarsystem12\freeglutproject3d\main1.cpp(578): warning C4244: '=': 'int'에서 'float'(으)로 변환하면서 데이터가 손실될 수 있습니다.
c:\users\김준혁\project\solarsystem12\freeglutproject3d\main1.cpp(794): warning C4305: '인수': 'double'에서 'GLfloat'(으)로 잘립니다.
c:\users\김준혁\project\solarsystem12\freeglutproject3d\main1.cpp(1063): warning C4244: '인수': 'double'에서 'GLint'(으)로 변환하면서 데이터가 손실될 수 있습니다.
c:\users\김준혁\project\solarsystem12\freeglutproject3d\main1.cpp(1066): warning C4244: '인수': 'double'에서 'GLint'(으)로 변환하면서 데이터가 손실될 수 있습니다.
c:\users\김준혁\project\solarsystem12\freeglutproject3d\main1.cpp(1070): warning C4244: '인수': 'double'에서 'GLint'(으)로 변환하면서 데이터가 손실될 수 있습니다.
c:\users\김준혁\project\solarsystem12\freeglutproject3d\main1.cpp(1073): warning C4244: '인수': 'double'에서 'GLint'(으)로 변환하면서 데이터가 손실될 수 있습니다.
c:\users\김준혁\project\solarsystem12\freeglutproject3d\main1.cpp(1076): warning C4244: '인수': 'double'에서 'GLint'(으)로 변환하면서 데이터가 손실될 수 있습니다.
c:\users\김준혁\project\solarsystem12\freeglutproject3d\main1.cpp(1079): warning C4244: '인수': 'double'에서 'GLint'(으)로 변환하면서 데이터가 손실될 수 있습니다.
c:\users\김준혁\project\solarsystem12\freeglutproject3d\main1.cpp(1082): warning C4244: '인수': 'double'에서 'GLint'(으)로 변환하면서 데이터가 손실될 수 있습니다.
c:\users\김준혁\project\solarsystem12\freeglutproject3d\main1.cpp(98): warning C4715: 'random': 모든 제어 경로에서 값을 반환하지는 않습니다.
  freeglutProject3D.vcxproj -> C:\Users\김준혁\Project\SolarSystem12\Debug\SolarSystem.exe
  freeglutProject3D.vcxproj -> C:\Users\김준혁\Project\SolarSystem12\Debug\SolarSystem.pdb (Full PDB)
